<?xml version="1.0" encoding="UTF-8"?>
<testsuite xmlns:xsi="http://www.w3.org/2001/XMLSchema-instance" xsi:noNamespaceSchemaLocation="https://maven.apache.org/surefire/maven-surefire-plugin/xsd/surefire-test-report.xsd" name="poc.pm2.AppTest" time="6.231" tests="1" errors="0" skipped="0" failures="0">
  <properties>
    <property name="gopherProxySet" value="false"/>
    <property name="awt.toolkit" value="sun.lwawt.macosx.LWCToolkit"/>
    <property name="java.specification.version" value="11"/>
    <property name="sun.cpu.isalist" value=""/>
    <property name="sun.jnu.encoding" value="UTF-8"/>
    <property name="java.class.path" value="/Users/kobayashi/Documents/workspace/pm2/target/test-classes:/Users/kobayashi/Documents/workspace/pm2/target/classes:/Users/kobayashi/.m2/repository/junit/junit/4.13/junit-4.13.jar:/Users/kobayashi/.m2/repository/org/hamcrest/hamcrest-core/1.3/hamcrest-core-1.3.jar:/Users/kobayashi/.m2/repository/org/assertj/assertj-core/3.17.2/assertj-core-3.17.2.jar:/Users/kobayashi/.m2/repository/org/powermock/powermock-module-junit4/2.0.7/powermock-module-junit4-2.0.7.jar:/Users/kobayashi/.m2/repository/org/powermock/powermock-api-mockito2/2.0.7/powermock-api-mockito2-2.0.7.jar:/Users/kobayashi/.m2/repository/org/mockito/mockito-core/2.28.2/mockito-core-2.28.2.jar:/Users/kobayashi/.m2/repository/org/powermock/powermock-core/2.0.7/powermock-core-2.0.7.jar:/Users/kobayashi/.m2/repository/org/javassist/javassist/3.27.0-GA/javassist-3.27.0-GA.jar:/Users/kobayashi/.m2/repository/net/bytebuddy/byte-buddy/1.9.10/byte-buddy-1.9.10.jar:/Users/kobayashi/.m2/repository/net/bytebuddy/byte-buddy-agent/1.9.10/byte-buddy-agent-1.9.10.jar:/Users/kobayashi/.m2/repository/org/powermock/powermock-reflect/2.0.7/powermock-reflect-2.0.7.jar:/Users/kobayashi/.m2/repository/org/objenesis/objenesis/3.0.1/objenesis-3.0.1.jar:/Users/kobayashi/.m2/repository/org/powermock/powermock-module-junit4-rule/2.0.7/powermock-module-junit4-rule-2.0.7.jar:/Users/kobayashi/.m2/repository/org/powermock/powermock-classloading-xstream/2.0.7/powermock-classloading-xstream-2.0.7.jar:/Users/kobayashi/.m2/repository/com/thoughtworks/xstream/xstream/1.4.10/xstream-1.4.10.jar:/Users/kobayashi/.m2/repository/xmlpull/xmlpull/1.1.3.1/xmlpull-1.1.3.1.jar:/Users/kobayashi/.m2/repository/xpp3/xpp3_min/1.1.4c/xpp3_min-1.1.4c.jar:/Users/kobayashi/.m2/repository/org/powermock/powermock-module-junit4-rule-agent/2.0.7/powermock-module-junit4-rule-agent-2.0.7.jar:/Users/kobayashi/.m2/repository/org/powermock/powermock-api-support/2.0.7/powermock-api-support-2.0.7.jar:/Users/kobayashi/.m2/repository/org/powermock/powermock-module-junit4-common/2.0.7/powermock-module-junit4-common-2.0.7.jar:/Users/kobayashi/.m2/repository/org/powermock/powermock-module-javaagent/2.0.7/powermock-module-javaagent-2.0.7.jar:/Users/kobayashi/.m2/repository/org/powermock/powermock-classloading-base/2.0.7/powermock-classloading-base-2.0.7.jar:/Users/kobayashi/.m2/repository/org/powermock/powermock-classloading-objenesis/2.0.7/powermock-classloading-objenesis-2.0.7.jar:/Users/kobayashi/.m2/repository/org/jacoco/org.jacoco.agent/0.8.6/org.jacoco.agent-0.8.6-runtime.jar:"/>
    <property name="java.vm.vendor" value="Oracle Corporation"/>
    <property name="sun.arch.data.model" value="64"/>
    <property name="java.vendor.url" value="http://java.oracle.com/"/>
    <property name="user.timezone" value=""/>
    <property name="java.vm.specification.version" value="11"/>
    <property name="os.name" value="Mac OS X"/>
    <property name="sun.java.launcher" value="SUN_STANDARD"/>
    <property name="user.country" value="JP"/>
    <property name="sun.boot.library.path" value="/Library/Java/JavaVirtualMachines/jdk-11.0.3.jdk/Contents/Home/lib"/>
    <property name="sun.java.command" value="/Users/kobayashi/Documents/workspace/pm2/target/surefire/surefirebooter2718482802006586834.jar /Users/kobayashi/Documents/workspace/pm2/target/surefire 2020-09-24T02-40-19_263-jvmRun1 surefire1110318930312173062tmp surefire_012273596454970781966tmp"/>
    <property name="http.nonProxyHosts" value="local|*.local|169.254/16|*.169.254/16"/>
    <property name="jdk.debug" value="release"/>
    <property name="surefire.test.class.path" value="/Users/kobayashi/Documents/workspace/pm2/target/test-classes:/Users/kobayashi/Documents/workspace/pm2/target/classes:/Users/kobayashi/.m2/repository/junit/junit/4.13/junit-4.13.jar:/Users/kobayashi/.m2/repository/org/hamcrest/hamcrest-core/1.3/hamcrest-core-1.3.jar:/Users/kobayashi/.m2/repository/org/assertj/assertj-core/3.17.2/assertj-core-3.17.2.jar:/Users/kobayashi/.m2/repository/org/powermock/powermock-module-junit4/2.0.7/powermock-module-junit4-2.0.7.jar:/Users/kobayashi/.m2/repository/org/powermock/powermock-api-mockito2/2.0.7/powermock-api-mockito2-2.0.7.jar:/Users/kobayashi/.m2/repository/org/mockito/mockito-core/2.28.2/mockito-core-2.28.2.jar:/Users/kobayashi/.m2/repository/org/powermock/powermock-core/2.0.7/powermock-core-2.0.7.jar:/Users/kobayashi/.m2/repository/org/javassist/javassist/3.27.0-GA/javassist-3.27.0-GA.jar:/Users/kobayashi/.m2/repository/net/bytebuddy/byte-buddy/1.9.10/byte-buddy-1.9.10.jar:/Users/kobayashi/.m2/repository/net/bytebuddy/byte-buddy-agent/1.9.10/byte-buddy-agent-1.9.10.jar:/Users/kobayashi/.m2/repository/org/powermock/powermock-reflect/2.0.7/powermock-reflect-2.0.7.jar:/Users/kobayashi/.m2/repository/org/objenesis/objenesis/3.0.1/objenesis-3.0.1.jar:/Users/kobayashi/.m2/repository/org/powermock/powermock-module-junit4-rule/2.0.7/powermock-module-junit4-rule-2.0.7.jar:/Users/kobayashi/.m2/repository/org/powermock/powermock-classloading-xstream/2.0.7/powermock-classloading-xstream-2.0.7.jar:/Users/kobayashi/.m2/repository/com/thoughtworks/xstream/xstream/1.4.10/xstream-1.4.10.jar:/Users/kobayashi/.m2/repository/xmlpull/xmlpull/1.1.3.1/xmlpull-1.1.3.1.jar:/Users/kobayashi/.m2/repository/xpp3/xpp3_min/1.1.4c/xpp3_min-1.1.4c.jar:/Users/kobayashi/.m2/repository/org/powermock/powermock-module-junit4-rule-agent/2.0.7/powermock-module-junit4-rule-agent-2.0.7.jar:/Users/kobayashi/.m2/repository/org/powermock/powermock-api-support/2.0.7/powermock-api-support-2.0.7.jar:/Users/kobayashi/.m2/repository/org/powermock/powermock-module-junit4-common/2.0.7/powermock-module-junit4-common-2.0.7.jar:/Users/kobayashi/.m2/repository/org/powermock/powermock-module-javaagent/2.0.7/powermock-module-javaagent-2.0.7.jar:/Users/kobayashi/.m2/repository/org/powermock/powermock-classloading-base/2.0.7/powermock-classloading-base-2.0.7.jar:/Users/kobayashi/.m2/repository/org/powermock/powermock-classloading-objenesis/2.0.7/powermock-classloading-objenesis-2.0.7.jar:/Users/kobayashi/.m2/repository/org/jacoco/org.jacoco.agent/0.8.6/org.jacoco.agent-0.8.6-runtime.jar:"/>
    <property name="sun.cpu.endian" value="little"/>
    <property name="user.home" value="/Users/kobayashi"/>
    <property name="user.language" value="ja"/>
    <property name="java.specification.vendor" value="Oracle Corporation"/>
    <property name="java.version.date" value="2019-04-16"/>
    <property name="java.home" value="/Library/Java/JavaVirtualMachines/jdk-11.0.3.jdk/Contents/Home"/>
    <property name="file.separator" value="/"/>
    <property name="basedir" value="/Users/kobayashi/Documents/workspace/pm2"/>
    <property name="java.vm.compressedOopsMode" value="Zero based"/>
    <property name="line.separator" value="&#10;"/>
    <property name="java.specification.name" value="Java Platform API Specification"/>
    <property name="java.vm.specification.vendor" value="Oracle Corporation"/>
    <property name="java.awt.graphicsenv" value="sun.awt.CGraphicsEnvironment"/>
    <property name="surefire.real.class.path" value="/Users/kobayashi/Documents/workspace/pm2/target/surefire/surefirebooter2718482802006586834.jar"/>
    <property name="sun.management.compiler" value="HotSpot 64-Bit Tiered Compilers"/>
    <property name="ftp.nonProxyHosts" value="local|*.local|169.254/16|*.169.254/16"/>
    <property name="java.runtime.version" value="11.0.3+12-LTS"/>
    <property name="user.name" value="kobayashi"/>
    <property name="path.separator" value=":"/>
    <property name="os.version" value="10.14.6"/>
    <property name="java.runtime.name" value="Java(TM) SE Runtime Environment"/>
    <property name="file.encoding" value="UTF-8"/>
    <property name="java.vm.name" value="Java HotSpot(TM) 64-Bit Server VM"/>
    <property name="java.vendor.version" value="18.9"/>
    <property name="localRepository" value="/Users/kobayashi/.m2/repository"/>
    <property name="java.vendor.url.bug" value="http://bugreport.java.com/bugreport/"/>
    <property name="java.io.tmpdir" value="/var/folders/00/zc1bl8bd7s90z6zx9ghb_2jm0000gn/T/"/>
    <property name="java.version" value="11.0.3"/>
    <property name="user.dir" value="/Users/kobayashi/Documents/workspace/pm2"/>
    <property name="os.arch" value="x86_64"/>
    <property name="java.vm.specification.name" value="Java Virtual Machine Specification"/>
    <property name="java.awt.printerjob" value="sun.lwawt.macosx.CPrinterJob"/>
    <property name="sun.os.patch.level" value="unknown"/>
    <property name="java.library.path" value="/Users/kobayashi/Library/Java/Extensions:/Library/Java/Extensions:/Network/Library/Java/Extensions:/System/Library/Java/Extensions:/usr/lib/java:."/>
    <property name="java.vendor" value="Oracle Corporation"/>
    <property name="java.vm.info" value="mixed mode"/>
    <property name="java.vm.version" value="11.0.3+12-LTS"/>
    <property name="sun.io.unicode.encoding" value="UnicodeBig"/>
    <property name="java.class.version" value="55.0"/>
    <property name="socksNonProxyHosts" value="local|*.local|169.254/16|*.169.254/16"/>
    <property name="jacoco-agent.destfile" value="/Users/kobayashi/Documents/workspace/pm2/target/jacoco.exec"/>
  </properties>
  <testcase name="testHoge" classname="poc.pm2.AppTest" time="5.932"/>
</testsuite>